<?xml version="1.0" encoding="UTF-8"?>
<!-- Generated by org.testng.reporters.JUnitXMLReporter -->
<testsuite hostname="SATHYA_ILP-LAPTOP" name="Surefire test" tests="12" failures="1" timestamp="3 Aug 2020 12:48:47 GMT" time="26.093" errors="0">
  <testcase name="testCalculateAgeCorrectDate on testCalculateAgeCorrectDate(com.cognizant.AgeTests)" time="1.221" classname="com.cognizant.AgeTests"/>
  <testcase name="testCalculateAgeInvalidDate on testCalculateAgeInvalidDate(com.cognizant.AgeTests)" time="0.006" classname="com.cognizant.AgeTests"/>
  <testcase name="testAgeCalculatorServlet on testAgeCalculatorServlet(com.cognizant.AgeTests)" time="0.133" classname="com.cognizant.AgeTests"/>
  <testcase name="testCancelPresentsTagNameType on testCancelPresentsTagNameType(com.cognizant.IndexPageTest)" time="0.35" classname="com.cognizant.IndexPageTest"/>
  <testcase name="testFormPresentActionValueMethodName on testFormPresentActionValueMethodName(com.cognizant.IndexPageTest)" time="0.203" classname="com.cognizant.IndexPageTest"/>
  <testcase name="testheadingPresent on testheadingPresent(com.cognizant.IndexPageTest)" time="0.199" classname="com.cognizant.IndexPageTest"/>
  <testcase name="testNamePresentsTagNameType on testNamePresentsTagNameType(com.cognizant.IndexPageTest)" time="0.133" classname="com.cognizant.IndexPageTest"/>
  <testcase name="testDobIsEmpty on testDobIsEmpty(com.cognizant.IndexPageTest)" time="0.6" classname="com.cognizant.IndexPageTest"/>
  <testcase name="testsubmitPresentsTagNameType on testsubmitPresentsTagNameType(com.cognizant.IndexPageTest)" time="0.136" classname="com.cognizant.IndexPageTest"/>
  <testcase name="testNameIsEmpty on testNameIsEmpty(com.cognizant.IndexPageTest)" time="0.4" classname="com.cognizant.IndexPageTest"/>
  <testcase name="testSubmitAction on testSubmitAction(com.cognizant.IndexPageTest)" time="0.97" classname="com.cognizant.IndexPageTest">
    <failure type="java.lang.AssertionError">
      <![CDATA[java.lang.AssertionError
	at org.junit.Assert.fail(Assert.java:86)
	at org.junit.Assert.assertTrue(Assert.java:41)
	at org.junit.Assert.assertTrue(Assert.java:52)
	at com.cognizant.IndexPageTest.testSubmitAction(IndexPageTest.java:187)
	at org.junit.runners.model.FrameworkMethod$1.runReflectiveCall(FrameworkMethod.java:47)
	at org.junit.internal.runners.model.ReflectiveCallable.run(ReflectiveCallable.java:12)
	at org.junit.runners.model.FrameworkMethod.invokeExplosively(FrameworkMethod.java:44)
	at org.junit.internal.runners.statements.InvokeMethod.evaluate(InvokeMethod.java:17)
	at org.junit.runners.ParentRunner.runLeaf(ParentRunner.java:271)
	at org.junit.runners.BlockJUnit4ClassRunner.runChild(BlockJUnit4ClassRunner.java:70)
	at org.junit.runners.BlockJUnit4ClassRunner.runChild(BlockJUnit4ClassRunner.java:50)
	at org.junit.runners.ParentRunner$3.run(ParentRunner.java:238)
	at org.junit.runners.ParentRunner$1.schedule(ParentRunner.java:63)
	at org.junit.runners.ParentRunner.runChildren(ParentRunner.java:236)
	at org.junit.runners.ParentRunner.access$000(ParentRunner.java:53)
	at org.junit.runners.ParentRunner$2.evaluate(ParentRunner.java:229)
	at org.junit.internal.runners.statements.RunBefores.evaluate(RunBefores.java:26)
	at org.junit.internal.runners.statements.RunAfters.evaluate(RunAfters.java:27)
	at org.junit.runners.ParentRunner.run(ParentRunner.java:309)
	at org.junit.runner.JUnitCore.run(JUnitCore.java:160)
	at org.junit.runner.JUnitCore.run(JUnitCore.java:138)
... Removed 27 stack frames]]>
    </failure>
  </testcase> <!-- testSubmitAction on testSubmitAction(com.cognizant.IndexPageTest) -->
  <testcase name="testDateOfBirthPresentsTagNameType on testDateOfBirthPresentsTagNameType(com.cognizant.IndexPageTest)" time="0.093" classname="com.cognizant.IndexPageTest"/>
</testsuite> <!-- Surefire test -->
